#
# A fatal error has been detected by the Java Runtime Environment:
#
#  Internal Error (classFileParser.cpp:3494), pid=3513, tid=3062877040
#  Error: ShouldNotReachHere()
#
# JRE version: 6.0_26-b03
# Java VM: Java HotSpot(TM) Server VM (20.1-b02 mixed mode linux-x86 )
# If you would like to submit a bug report, please visit:
#   http://java.sun.com/webapps/bugreport/crash.jsp
#

---------------  T H R E A D  ---------------

Current thread (0x088f1000):  JavaThread "Unknown thread" [_thread_in_vm, id=3514, stack(0xb68ac000,0xb68fd000)]

Stack: [0xb68ac000,0xb68fd000],  sp=0xb68fb7d0,  free space=317k
Native frames: (J=compiled Java code, j=interpreted, Vv=VM code, C=native code)
V  [libjvm.so+0x7248b0]  VMError::report_and_die()+0x2b0
V  [libjvm.so+0x2f69af]  report_should_not_reach_here(char const*, int)+0x3f
V  [libjvm.so+0x28cf2a]  ClassFileParser::parseClassFile(symbolHandle, Handle, Handle, KlassHandle, GrowableArray<Handle>*, symbolHandle&, bool, Thread*)+0x2d9a
V  [libjvm.so+0x292f71]  ClassLoader::load_classfile(symbolHandle, Thread*)+0x221
V  [libjvm.so+0x6b3d62]  SystemDictionary::load_instance_class(symbolHandle, Handle, Thread*)+0xf2
V  [libjvm.so+0x6b1dfe]  SystemDictionary::resolve_instance_class_or_null(symbolHandle, Handle, Handle, Thread*)+0x55e
V  [libjvm.so+0x6b0bc6]  SystemDictionary::resolve_or_null(symbolHandle, Handle, Handle, Thread*)+0x66
V  [libjvm.so+0x6b0830]  SystemDictionary::resolve_or_fail(symbolHandle, Handle, Handle, bool, Thread*)+0x30
V  [libjvm.so+0x6b564a]  SystemDictionary::initialize_wk_klass(SystemDictionary::WKID, int, Thread*)+0x6a
V  [libjvm.so+0x6b56dc]  SystemDictionary::initialize_wk_klasses_until(SystemDictionary::WKID, SystemDictionary::WKID&, Thread*)+0x4c
V  [libjvm.so+0x6b57a0]  SystemDictionary::initialize_preloaded_classes(Thread*)+0x70
V  [libjvm.so+0x6b5571]  SystemDictionary::initialize(Thread*)+0xe1
V  [libjvm.so+0x6fc35a]  Universe::genesis(Thread*)+0x4da
V  [libjvm.so+0x6fda1f]  universe2_init()+0x1f
V  [libjvm.so+0x3b8fb8]  init_globals()+0x98
V  [libjvm.so+0x6e53b2]  Threads::create_vm(JavaVMInitArgs*, bool*)+0x242
V  [libjvm.so+0x413bc6]  JNI_CreateJavaVM+0x56
C  [java+0x305c]
C  [java+0x1942]  JavaMain+0x72
C  [libpthread.so.0+0x6d31]  short+0xd1


---------------  P R O C E S S  ---------------

Java Threads: ( => current thread )

Other Threads:

=>0x088f1000 (exited) JavaThread "Unknown thread" [_thread_in_vm, id=3514, stack(0xb68ac000,0xb68fd000)]

VM state:not at safepoint (not fully initialized)

VM Mutex/Monitor currently owned by a thread: None

Dynamic libraries:
08048000-08052000 r-xp 00000000 08:05 542797     /usr/lib/jvm/java-6-sun-1.6.0.26/jre/bin/java
08052000-08053000 rwxp 00009000 08:05 542797     /usr/lib/jvm/java-6-sun-1.6.0.26/jre/bin/java
088eb000-0896f000 rwxp 00000000 00:00 0          [heap]
70000000-70021000 rwxp 00000000 00:00 0 
70021000-70100000 ---p 00000000 00:00 0 
7010d000-701d3000 r-xs 0116f000 08:06 5383409    /home/power/Application/android-sdk-linux/platforms/android-17/android.jar
701d3000-701d4000 ---p 00000000 00:00 0 
701d4000-70254000 rwxp 00000000 00:00 0 
70254000-70255000 ---p 00000000 00:00 0 
70255000-702d5000 rwxp 00000000 00:00 0 
702d5000-702d6000 ---p 00000000 00:00 0 
702d6000-70356000 rwxp 00000000 00:00 0 
70356000-70357000 ---p 00000000 00:00 0 
70357000-703df000 rwxp 00000000 00:00 0 
703df000-703f7000 rwxp 00000000 00:00 0 
703f7000-7040c000 rwxp 00000000 00:00 0 
7040c000-70547000 rwxp 00000000 00:00 0 
70547000-7054f000 rwxp 00000000 00:00 0 
7054f000-70567000 rwxp 00000000 00:00 0 
70567000-7057c000 rwxp 00000000 00:00 0 
7057c000-706b7000 rwxp 00000000 00:00 0 
706b7000-706c2000 rwxp 00000000 00:00 0 
706c2000-7075f000 rwxp 00000000 00:00 0 
7075f000-71760000 rwxp 00000000 00:00 0 
71760000-74760000 rwxp 00000000 00:00 0 
74760000-77160000 rwxp 00000000 00:00 0 
77160000-9e760000 rwxp 00000000 00:00 0 
9e760000-9fc60000 rwxp 00000000 00:00 0 
9fc60000-b3760000 rwxp 00000000 00:00 0 
b376c000-b3775000 rwxp 00000000 00:00 0 
b3775000-b382c000 rwxp 00000000 00:00 0 
b382c000-b3a6c000 rwxp 00000000 00:00 0 
b3a6c000-b682c000 rwxp 00000000 00:00 0 
b682c000-b6837000 r-xp 00000000 08:05 294832     /lib/i386-linux-gnu/libnss_files-2.13.so
b6837000-b6838000 r-xp 0000a000 08:05 294832     /lib/i386-linux-gnu/libnss_files-2.13.so
b6838000-b6839000 rwxp 0000b000 08:05 294832     /lib/i386-linux-gnu/libnss_files-2.13.so
b6839000-b6843000 r-xp 00000000 08:05 294813     /lib/i386-linux-gnu/libnss_nis-2.13.so
b6843000-b6844000 r-xp 00009000 08:05 294813     /lib/i386-linux-gnu/libnss_nis-2.13.so
b6844000-b6845000 rwxp 0000a000 08:05 294813     /lib/i386-linux-gnu/libnss_nis-2.13.so
b6845000-b684d000 r-xp 00000000 08:05 294816     /lib/i386-linux-gnu/libnss_compat-2.13.so
b684d000-b684e000 r-xp 00007000 08:05 294816     /lib/i386-linux-gnu/libnss_compat-2.13.so
b684e000-b684f000 rwxp 00008000 08:05 294816     /lib/i386-linux-gnu/libnss_compat-2.13.so
b684f000-b6864000 r-xp 00000000 08:05 294810     /lib/i386-linux-gnu/libnsl-2.13.so
b6864000-b6865000 r-xp 00015000 08:05 294810     /lib/i386-linux-gnu/libnsl-2.13.so
b6865000-b6866000 rwxp 00016000 08:05 294810     /lib/i386-linux-gnu/libnsl-2.13.so
b6866000-b6868000 rwxp 00000000 00:00 0 
b686d000-b687c000 r-xp 00000000 08:05 544239     /usr/lib/jvm/java-6-sun-1.6.0.26/jre/lib/i386/libzip.so
b687c000-b687e000 rwxp 0000e000 08:05 544239     /usr/lib/jvm/java-6-sun-1.6.0.26/jre/lib/i386/libzip.so
b687e000-b68a1000 r-xp 00000000 08:05 544228     /usr/lib/jvm/java-6-sun-1.6.0.26/jre/lib/i386/libjava.so
b68a1000-b68a3000 rwxp 00023000 08:05 544228     /usr/lib/jvm/java-6-sun-1.6.0.26/jre/lib/i386/libjava.so
b68a3000-b68aa000 r-xp 00000000 08:05 294807     /lib/i386-linux-gnu/librt-2.13.so
b68aa000-b68ab000 r-xp 00006000 08:05 294807     /lib/i386-linux-gnu/librt-2.13.so
b68ab000-b68ac000 rwxp 00007000 08:05 294807     /lib/i386-linux-gnu/librt-2.13.so
b68ac000-b68af000 ---p 00000000 00:00 0 
b68af000-b68fd000 rwxp 00000000 00:00 0 
b68fd000-b6925000 r-xp 00000000 08:05 294827     /lib/i386-linux-gnu/libm-2.13.so
b6925000-b6926000 r-xp 00028000 08:05 294827     /lib/i386-linux-gnu/libm-2.13.so
b6926000-b6927000 rwxp 00029000 08:05 294827     /lib/i386-linux-gnu/libm-2.13.so
b6927000-b70d9000 r-xp 00000000 08:05 547680     /usr/lib/jvm/java-6-sun-1.6.0.26/jre/lib/i386/server/libjvm.so
b70d9000-b712d000 rwxp 007b1000 08:05 547680     /usr/lib/jvm/java-6-sun-1.6.0.26/jre/lib/i386/server/libjvm.so
b712d000-b754c000 rwxp 00000000 00:00 0 
b754c000-b76c8000 r-xp 00000000 08:05 294803     /lib/i386-linux-gnu/libc-2.13.so
b76c8000-b76ca000 r-xp 0017c000 08:05 294803     /lib/i386-linux-gnu/libc-2.13.so
b76ca000-b76cb000 rwxp 0017e000 08:05 294803     /lib/i386-linux-gnu/libc-2.13.so
b76cb000-b76ce000 rwxp 00000000 00:00 0 
b76ce000-b76d1000 r-xp 00000000 08:05 294823     /lib/i386-linux-gnu/libdl-2.13.so
b76d1000-b76d2000 r-xp 00002000 08:05 294823     /lib/i386-linux-gnu/libdl-2.13.so
b76d2000-b76d3000 rwxp 00003000 08:05 294823     /lib/i386-linux-gnu/libdl-2.13.so
b76d3000-b76da000 r-xp 00000000 08:05 544243     /usr/lib/jvm/java-6-sun-1.6.0.26/jre/lib/i386/jli/libjli.so
b76da000-b76dc000 rwxp 00006000 08:05 544243     /usr/lib/jvm/java-6-sun-1.6.0.26/jre/lib/i386/jli/libjli.so
b76dc000-b76dd000 rwxp 00000000 00:00 0 
b76dd000-b76f4000 r-xp 00000000 08:05 294821     /lib/i386-linux-gnu/libpthread-2.13.so
b76f4000-b76f5000 r-xp 00016000 08:05 294821     /lib/i386-linux-gnu/libpthread-2.13.so
b76f5000-b76f6000 rwxp 00017000 08:05 294821     /lib/i386-linux-gnu/libpthread-2.13.so
b76f6000-b76f8000 rwxp 00000000 00:00 0 
b76f8000-b7700000 rwxs 00000000 08:05 1445124    /tmp/hsperfdata_power/3513
b7700000-b7701000 rwxp 00000000 00:00 0 
b7701000-b7702000 r-xp 00000000 00:00 0 
b7702000-b770d000 r-xp 00000000 08:05 547693     /usr/lib/jvm/java-6-sun-1.6.0.26/jre/lib/i386/libverify.so
b770d000-b770e000 rwxp 0000b000 08:05 547693     /usr/lib/jvm/java-6-sun-1.6.0.26/jre/lib/i386/libverify.so
b770e000-b7710000 rwxp 00000000 00:00 0 
b7710000-b7711000 r-xp 00000000 00:00 0          [vdso]
b7711000-b772f000 r-xp 00000000 08:05 294830     /lib/i386-linux-gnu/ld-2.13.so
b772f000-b7730000 r-xp 0001d000 08:05 294830     /lib/i386-linux-gnu/ld-2.13.so
b7730000-b7731000 rwxp 0001e000 08:05 294830     /lib/i386-linux-gnu/ld-2.13.so
bf948000-bf969000 rwxp 00000000 00:00 0          [stack]

VM Arguments:
jvm_args: -Dfile.encoding=UTF-8 -Xbootclasspath:/home/power/Application/android-sdk-linux/platforms/android-17/android.jar 
java_command: it.skb.carsharing.ui.MainActivity
Launcher Type: SUN_STANDARD

Environment Variables:
JAVA_HOME=/usr/lib/jvm/java-6-sun
PATH=/home/power/Application/maven/bin:/usr/local/bin:/usr/bin:/bin:/usr/games
USERNAME=power
LD_LIBRARY_PATH=/usr/lib/jvm/java-6-sun-1.6.0.26/jre/lib/i386/server:/usr/lib/jvm/java-6-sun-1.6.0.26/jre/lib/i386:/usr/lib/jvm/java-6-sun-1.6.0.26/jre/../lib/i386:/usr/lib/jvm/java-6-sun-1.6.0.26/jre/lib/i386/client:/usr/lib/jvm/java-6-sun-1.6.0.26/jre/lib/i386:
SHELL=/bin/bash
DISPLAY=:0

Signal Handlers:
SIGSEGV: [libjvm.so+0x725510], sa_mask[0]=0x7ffbfeff, sa_flags=0x10000004
SIGBUS: [libjvm.so+0x725510], sa_mask[0]=0x7ffbfeff, sa_flags=0x10000004
SIGFPE: [libjvm.so+0x5dff20], sa_mask[0]=0x7ffbfeff, sa_flags=0x10000004
SIGPIPE: [libjvm.so+0x5dff20], sa_mask[0]=0x7ffbfeff, sa_flags=0x10000004
SIGXFSZ: [libjvm.so+0x5dff20], sa_mask[0]=0x7ffbfeff, sa_flags=0x10000004
SIGILL: [libjvm.so+0x5dff20], sa_mask[0]=0x7ffbfeff, sa_flags=0x10000004
SIGUSR1: SIG_DFL, sa_mask[0]=0x00000000, sa_flags=0x00000000
SIGUSR2: [libjvm.so+0x5e3160], sa_mask[0]=0x00000004, sa_flags=0x10000004
SIGHUP: SIG_DFL, sa_mask[0]=0x00000000, sa_flags=0x00000000
SIGINT: SIG_DFL, sa_mask[0]=0x00000000, sa_flags=0x00000000
SIGTERM: SIG_DFL, sa_mask[0]=0x00000000, sa_flags=0x00000000
SIGQUIT: SIG_DFL, sa_mask[0]=0x00000000, sa_flags=0x00000000


---------------  S Y S T E M  ---------------

OS:wheezy/sid

uname:Linux 3.0.0-32-generic-pae #51-Ubuntu SMP Thu Mar 21 16:09:48 UTC 2013 i686
libc:glibc 2.13 NPTL 2.13 
rlimit: STACK 8192k, CORE 0k, NPROC 32138, NOFILE 4096, AS infinity
load average:1.02 0.90 0.75

/proc/meminfo:
MemTotal:        4127768 kB
MemFree:         1570752 kB
Buffers:          140172 kB
Cached:          1211664 kB
SwapCached:            0 kB
Active:          1805804 kB
Inactive:         636620 kB
Active(anon):    1091596 kB
Inactive(anon):     9592 kB
Active(file):     714208 kB
Inactive(file):   627028 kB
Unevictable:          16 kB
Mlocked:              16 kB
HighTotal:       3280392 kB
HighFree:         955888 kB
LowTotal:         847376 kB
LowFree:          614864 kB
SwapTotal:       2928636 kB
SwapFree:        2928636 kB
Dirty:               192 kB
Writeback:             0 kB
AnonPages:       1090736 kB
Mapped:           149732 kB
Shmem:             10476 kB
Slab:              48244 kB
SReclaimable:      34620 kB
SUnreclaim:        13624 kB
KernelStack:        2944 kB
PageTables:         7420 kB
NFS_Unstable:          0 kB
Bounce:                0 kB
WritebackTmp:          0 kB
CommitLimit:     4992520 kB
Committed_AS:    2968752 kB
VmallocTotal:     122880 kB
VmallocUsed:       75496 kB
VmallocChunk:      37156 kB
HardwareCorrupted:     0 kB
AnonHugePages:         0 kB
HugePages_Total:       0
HugePages_Free:        0
HugePages_Rsvd:        0
HugePages_Surp:        0
Hugepagesize:       2048 kB
DirectMap4k:       47096 kB
DirectMap2M:      866304 kB


CPU:total 4 (4 cores per cpu, 1 threads per core) family 6 model 15 stepping 11, cmov, cx8, fxsr, mmx, sse, sse2, sse3, ssse3

/proc/cpuinfo:
processor	: 0
vendor_id	: GenuineIntel
cpu family	: 6
model		: 15
model name	: Intel(R) Core(TM)2 Quad CPU    Q6600  @ 2.40GHz
stepping	: 11
cpu MHz		: 2394.000
cache size	: 4096 KB
physical id	: 0
siblings	: 4
core id		: 0
cpu cores	: 4
apicid		: 0
initial apicid	: 0
fdiv_bug	: no
hlt_bug		: no
f00f_bug	: no
coma_bug	: no
fpu		: yes
fpu_exception	: yes
cpuid level	: 10
wp		: yes
flags		: fpu vme de pse tsc msr pae mce cx8 apic sep mtrr pge mca cmov pat pse36 clflush dts acpi mmx fxsr sse sse2 ss ht tm pbe nx lm constant_tsc arch_perfmon pebs bts aperfmperf pni dtes64 monitor ds_cpl vmx est tm2 ssse3 cx16 xtpr pdcm lahf_lm dtherm tpr_shadow vnmi flexpriority
bogomips	: 4810.72
clflush size	: 64
cache_alignment	: 64
address sizes	: 36 bits physical, 48 bits virtual
power management:

processor	: 1
vendor_id	: GenuineIntel
cpu family	: 6
model		: 15
model name	: Intel(R) Core(TM)2 Quad CPU    Q6600  @ 2.40GHz
stepping	: 11
cpu MHz		: 1596.000
cache size	: 4096 KB
physical id	: 0
siblings	: 4
core id		: 1
cpu cores	: 4
apicid		: 1
initial apicid	: 1
fdiv_bug	: no
hlt_bug		: no
f00f_bug	: no
coma_bug	: no
fpu		: yes
fpu_exception	: yes
cpuid level	: 10
wp		: yes
flags		: fpu vme de pse tsc msr pae mce cx8 apic sep mtrr pge mca cmov pat pse36 clflush dts acpi mmx fxsr sse sse2 ss ht tm pbe nx lm constant_tsc arch_perfmon pebs bts aperfmperf pni dtes64 monitor ds_cpl vmx est tm2 ssse3 cx16 xtpr pdcm lahf_lm dtherm tpr_shadow vnmi flexpriority
bogomips	: 4810.94
clflush size	: 64
cache_alignment	: 64
address sizes	: 36 bits physical, 48 bits virtual
power management:

processor	: 2
vendor_id	: GenuineIntel
cpu family	: 6
model		: 15
model name	: Intel(R) Core(TM)2 Quad CPU    Q6600  @ 2.40GHz
stepping	: 11
cpu MHz		: 1596.000
cache size	: 4096 KB
physical id	: 0
siblings	: 4
core id		: 2
cpu cores	: 4
apicid		: 2
initial apicid	: 2
fdiv_bug	: no
hlt_bug		: no
f00f_bug	: no
coma_bug	: no
fpu		: yes
fpu_exception	: yes
cpuid level	: 10
wp		: yes
flags		: fpu vme de pse tsc msr pae mce cx8 apic sep mtrr pge mca cmov pat pse36 clflush dts acpi mmx fxsr sse sse2 ss ht tm pbe nx lm constant_tsc arch_perfmon pebs bts aperfmperf pni dtes64 monitor ds_cpl vmx est tm2 ssse3 cx16 xtpr pdcm lahf_lm dtherm tpr_shadow vnmi flexpriority
bogomips	: 4810.98
clflush size	: 64
cache_alignment	: 64
address sizes	: 36 bits physical, 48 bits virtual
power management:

processor	: 3
vendor_id	: GenuineIntel
cpu family	: 6
model		: 15
model name	: Intel(R) Core(TM)2 Quad CPU    Q6600  @ 2.40GHz
stepping	: 11
cpu MHz		: 2394.000
cache size	: 4096 KB
physical id	: 0
siblings	: 4
core id		: 3
cpu cores	: 4
apicid		: 3
initial apicid	: 3
fdiv_bug	: no
hlt_bug		: no
f00f_bug	: no
coma_bug	: no
fpu		: yes
fpu_exception	: yes
cpuid level	: 10
wp		: yes
flags		: fpu vme de pse tsc msr pae mce cx8 apic sep mtrr pge mca cmov pat pse36 clflush dts acpi mmx fxsr sse sse2 ss ht tm pbe nx lm constant_tsc arch_perfmon pebs bts aperfmperf pni dtes64 monitor ds_cpl vmx est tm2 ssse3 cx16 xtpr pdcm lahf_lm dtherm tpr_shadow vnmi flexpriority
bogomips	: 4810.98
clflush size	: 64
cache_alignment	: 64
address sizes	: 36 bits physical, 48 bits virtual
power management:



Memory: 4k page, physical 4127768k(1570752k free), swap 2928636k(2928636k free)

vm_info: Java HotSpot(TM) Server VM (20.1-b02) for linux-x86 JRE (1.6.0_26-b03), built on May  4 2011 01:04:10 by "java_re" with gcc 3.2.1-7a (J2SE release)

time: Sat Apr 13 21:37:35 2013
elapsed time: 0 seconds

