#
# A fatal error has been detected by the Java Runtime Environment:
#
#  Internal Error (classFileParser.cpp:3494), pid=5624, tid=3063729008
#  Error: ShouldNotReachHere()
#
# JRE version: 6.0_26-b03
# Java VM: Java HotSpot(TM) Server VM (20.1-b02 mixed mode linux-x86 )
# If you would like to submit a bug report, please visit:
#   http://java.sun.com/webapps/bugreport/crash.jsp
#

---------------  T H R E A D  ---------------

Current thread (0x0860f000):  JavaThread "Unknown thread" [_thread_in_vm, id=5625, stack(0xb697c000,0xb69cd000)]

Stack: [0xb697c000,0xb69cd000],  sp=0xb69cb7d0,  free space=317k
Native frames: (J=compiled Java code, j=interpreted, Vv=VM code, C=native code)
V  [libjvm.so+0x7248b0]  VMError::report_and_die()+0x2b0
V  [libjvm.so+0x2f69af]  report_should_not_reach_here(char const*, int)+0x3f
V  [libjvm.so+0x28cf2a]  ClassFileParser::parseClassFile(symbolHandle, Handle, Handle, KlassHandle, GrowableArray<Handle>*, symbolHandle&, bool, Thread*)+0x2d9a
V  [libjvm.so+0x292f71]  ClassLoader::load_classfile(symbolHandle, Thread*)+0x221
V  [libjvm.so+0x6b3d62]  SystemDictionary::load_instance_class(symbolHandle, Handle, Thread*)+0xf2
V  [libjvm.so+0x6b1dfe]  SystemDictionary::resolve_instance_class_or_null(symbolHandle, Handle, Handle, Thread*)+0x55e
V  [libjvm.so+0x6b0bc6]  SystemDictionary::resolve_or_null(symbolHandle, Handle, Handle, Thread*)+0x66
V  [libjvm.so+0x6b0830]  SystemDictionary::resolve_or_fail(symbolHandle, Handle, Handle, bool, Thread*)+0x30
V  [libjvm.so+0x6b564a]  SystemDictionary::initialize_wk_klass(SystemDictionary::WKID, int, Thread*)+0x6a
V  [libjvm.so+0x6b56dc]  SystemDictionary::initialize_wk_klasses_until(SystemDictionary::WKID, SystemDictionary::WKID&, Thread*)+0x4c
V  [libjvm.so+0x6b57a0]  SystemDictionary::initialize_preloaded_classes(Thread*)+0x70
V  [libjvm.so+0x6b5571]  SystemDictionary::initialize(Thread*)+0xe1
V  [libjvm.so+0x6fc35a]  Universe::genesis(Thread*)+0x4da
V  [libjvm.so+0x6fda1f]  universe2_init()+0x1f
V  [libjvm.so+0x3b8fb8]  init_globals()+0x98
V  [libjvm.so+0x6e53b2]  Threads::create_vm(JavaVMInitArgs*, bool*)+0x242
V  [libjvm.so+0x413bc6]  JNI_CreateJavaVM+0x56
C  [java+0x305c]
C  [java+0x1942]  JavaMain+0x72
C  [libpthread.so.0+0x6d31]  short+0xd1


---------------  P R O C E S S  ---------------

Java Threads: ( => current thread )

Other Threads:

=>0x0860f000 (exited) JavaThread "Unknown thread" [_thread_in_vm, id=5625, stack(0xb697c000,0xb69cd000)]

VM state:not at safepoint (not fully initialized)

VM Mutex/Monitor currently owned by a thread: None

Dynamic libraries:
08048000-08052000 r-xp 00000000 08:05 542797     /usr/lib/jvm/java-6-sun-1.6.0.26/jre/bin/java
08052000-08053000 rwxp 00009000 08:05 542797     /usr/lib/jvm/java-6-sun-1.6.0.26/jre/bin/java
08609000-0862a000 rwxp 00000000 00:00 0          [heap]
7003a000-70100000 r-xs 0116f000 08:06 5383409    /home/power/Application/android-sdk-linux/platforms/android-17/android.jar
70100000-70176000 rwxp 00000000 00:00 0 
70176000-70200000 ---p 00000000 00:00 0 
702a3000-702a4000 ---p 00000000 00:00 0 
702a4000-70324000 rwxp 00000000 00:00 0 
70324000-70325000 ---p 00000000 00:00 0 
70325000-703a5000 rwxp 00000000 00:00 0 
703a5000-703a6000 ---p 00000000 00:00 0 
703a6000-70426000 rwxp 00000000 00:00 0 
70426000-70427000 ---p 00000000 00:00 0 
70427000-704af000 rwxp 00000000 00:00 0 
704af000-704c7000 rwxp 00000000 00:00 0 
704c7000-704dc000 rwxp 00000000 00:00 0 
704dc000-70617000 rwxp 00000000 00:00 0 
70617000-7061f000 rwxp 00000000 00:00 0 
7061f000-70637000 rwxp 00000000 00:00 0 
70637000-7064c000 rwxp 00000000 00:00 0 
7064c000-70787000 rwxp 00000000 00:00 0 
70787000-70792000 rwxp 00000000 00:00 0 
70792000-7082f000 rwxp 00000000 00:00 0 
7082f000-71830000 rwxp 00000000 00:00 0 
71830000-74830000 rwxp 00000000 00:00 0 
74830000-77230000 rwxp 00000000 00:00 0 
77230000-9e830000 rwxp 00000000 00:00 0 
9e830000-9fd30000 rwxp 00000000 00:00 0 
9fd30000-b3830000 rwxp 00000000 00:00 0 
b383c000-b3845000 rwxp 00000000 00:00 0 
b3845000-b38fc000 rwxp 00000000 00:00 0 
b38fc000-b3b3c000 rwxp 00000000 00:00 0 
b3b3c000-b68fc000 rwxp 00000000 00:00 0 
b68fc000-b6907000 r-xp 00000000 08:05 294832     /lib/i386-linux-gnu/libnss_files-2.13.so
b6907000-b6908000 r-xp 0000a000 08:05 294832     /lib/i386-linux-gnu/libnss_files-2.13.so
b6908000-b6909000 rwxp 0000b000 08:05 294832     /lib/i386-linux-gnu/libnss_files-2.13.so
b6909000-b6913000 r-xp 00000000 08:05 294813     /lib/i386-linux-gnu/libnss_nis-2.13.so
b6913000-b6914000 r-xp 00009000 08:05 294813     /lib/i386-linux-gnu/libnss_nis-2.13.so
b6914000-b6915000 rwxp 0000a000 08:05 294813     /lib/i386-linux-gnu/libnss_nis-2.13.so
b6915000-b691d000 r-xp 00000000 08:05 294816     /lib/i386-linux-gnu/libnss_compat-2.13.so
b691d000-b691e000 r-xp 00007000 08:05 294816     /lib/i386-linux-gnu/libnss_compat-2.13.so
b691e000-b691f000 rwxp 00008000 08:05 294816     /lib/i386-linux-gnu/libnss_compat-2.13.so
b691f000-b6934000 r-xp 00000000 08:05 294810     /lib/i386-linux-gnu/libnsl-2.13.so
b6934000-b6935000 r-xp 00015000 08:05 294810     /lib/i386-linux-gnu/libnsl-2.13.so
b6935000-b6936000 rwxp 00016000 08:05 294810     /lib/i386-linux-gnu/libnsl-2.13.so
b6936000-b6938000 rwxp 00000000 00:00 0 
b693d000-b694c000 r-xp 00000000 08:05 544239     /usr/lib/jvm/java-6-sun-1.6.0.26/jre/lib/i386/libzip.so
b694c000-b694e000 rwxp 0000e000 08:05 544239     /usr/lib/jvm/java-6-sun-1.6.0.26/jre/lib/i386/libzip.so
b694e000-b6971000 r-xp 00000000 08:05 544228     /usr/lib/jvm/java-6-sun-1.6.0.26/jre/lib/i386/libjava.so
b6971000-b6973000 rwxp 00023000 08:05 544228     /usr/lib/jvm/java-6-sun-1.6.0.26/jre/lib/i386/libjava.so
b6973000-b697a000 r-xp 00000000 08:05 294807     /lib/i386-linux-gnu/librt-2.13.so
b697a000-b697b000 r-xp 00006000 08:05 294807     /lib/i386-linux-gnu/librt-2.13.so
b697b000-b697c000 rwxp 00007000 08:05 294807     /lib/i386-linux-gnu/librt-2.13.so
b697c000-b697f000 ---p 00000000 00:00 0 
b697f000-b69cd000 rwxp 00000000 00:00 0 
b69cd000-b69f5000 r-xp 00000000 08:05 294827     /lib/i386-linux-gnu/libm-2.13.so
b69f5000-b69f6000 r-xp 00028000 08:05 294827     /lib/i386-linux-gnu/libm-2.13.so
b69f6000-b69f7000 rwxp 00029000 08:05 294827     /lib/i386-linux-gnu/libm-2.13.so
b69f7000-b71a9000 r-xp 00000000 08:05 547680     /usr/lib/jvm/java-6-sun-1.6.0.26/jre/lib/i386/server/libjvm.so
b71a9000-b71fd000 rwxp 007b1000 08:05 547680     /usr/lib/jvm/java-6-sun-1.6.0.26/jre/lib/i386/server/libjvm.so
b71fd000-b761c000 rwxp 00000000 00:00 0 
b761c000-b7798000 r-xp 00000000 08:05 294803     /lib/i386-linux-gnu/libc-2.13.so
b7798000-b779a000 r-xp 0017c000 08:05 294803     /lib/i386-linux-gnu/libc-2.13.so
b779a000-b779b000 rwxp 0017e000 08:05 294803     /lib/i386-linux-gnu/libc-2.13.so
b779b000-b779e000 rwxp 00000000 00:00 0 
b779e000-b77a1000 r-xp 00000000 08:05 294823     /lib/i386-linux-gnu/libdl-2.13.so
b77a1000-b77a2000 r-xp 00002000 08:05 294823     /lib/i386-linux-gnu/libdl-2.13.so
b77a2000-b77a3000 rwxp 00003000 08:05 294823     /lib/i386-linux-gnu/libdl-2.13.so
b77a3000-b77aa000 r-xp 00000000 08:05 544243     /usr/lib/jvm/java-6-sun-1.6.0.26/jre/lib/i386/jli/libjli.so
b77aa000-b77ac000 rwxp 00006000 08:05 544243     /usr/lib/jvm/java-6-sun-1.6.0.26/jre/lib/i386/jli/libjli.so
b77ac000-b77ad000 rwxp 00000000 00:00 0 
b77ad000-b77c4000 r-xp 00000000 08:05 294821     /lib/i386-linux-gnu/libpthread-2.13.so
b77c4000-b77c5000 r-xp 00016000 08:05 294821     /lib/i386-linux-gnu/libpthread-2.13.so
b77c5000-b77c6000 rwxp 00017000 08:05 294821     /lib/i386-linux-gnu/libpthread-2.13.so
b77c6000-b77c8000 rwxp 00000000 00:00 0 
b77c8000-b77d0000 rwxs 00000000 08:05 1464952    /tmp/hsperfdata_power/5624
b77d0000-b77d1000 rwxp 00000000 00:00 0 
b77d1000-b77d2000 r-xp 00000000 00:00 0 
b77d2000-b77dd000 r-xp 00000000 08:05 547693     /usr/lib/jvm/java-6-sun-1.6.0.26/jre/lib/i386/libverify.so
b77dd000-b77de000 rwxp 0000b000 08:05 547693     /usr/lib/jvm/java-6-sun-1.6.0.26/jre/lib/i386/libverify.so
b77de000-b77e0000 rwxp 00000000 00:00 0 
b77e0000-b77e1000 r-xp 00000000 00:00 0          [vdso]
b77e1000-b77ff000 r-xp 00000000 08:05 294830     /lib/i386-linux-gnu/ld-2.13.so
b77ff000-b7800000 r-xp 0001d000 08:05 294830     /lib/i386-linux-gnu/ld-2.13.so
b7800000-b7801000 rwxp 0001e000 08:05 294830     /lib/i386-linux-gnu/ld-2.13.so
bfb05000-bfb26000 rwxp 00000000 00:00 0          [stack]

VM Arguments:
jvm_args: -Dfile.encoding=UTF-8 -Xbootclasspath:/home/power/Application/android-sdk-linux/platforms/android-17/android.jar 
java_command: it.skb.carsharing.ui.ValidatorFields
Launcher Type: SUN_STANDARD

Environment Variables:
JAVA_HOME=/usr/lib/jvm/java-6-sun
PATH=/home/power/Application/maven/bin:/usr/local/bin:/usr/bin:/bin:/usr/games
USERNAME=power
LD_LIBRARY_PATH=/usr/lib/jvm/java-6-sun-1.6.0.26/jre/lib/i386/server:/usr/lib/jvm/java-6-sun-1.6.0.26/jre/lib/i386:/usr/lib/jvm/java-6-sun-1.6.0.26/jre/../lib/i386:/usr/lib/jvm/java-6-sun-1.6.0.26/jre/lib/i386/client:/usr/lib/jvm/java-6-sun-1.6.0.26/jre/lib/i386:
SHELL=/bin/bash
DISPLAY=:0

Signal Handlers:
SIGSEGV: [libjvm.so+0x725510], sa_mask[0]=0x7ffbfeff, sa_flags=0x10000004
SIGBUS: [libjvm.so+0x725510], sa_mask[0]=0x7ffbfeff, sa_flags=0x10000004
SIGFPE: [libjvm.so+0x5dff20], sa_mask[0]=0x7ffbfeff, sa_flags=0x10000004
SIGPIPE: [libjvm.so+0x5dff20], sa_mask[0]=0x7ffbfeff, sa_flags=0x10000004
SIGXFSZ: [libjvm.so+0x5dff20], sa_mask[0]=0x7ffbfeff, sa_flags=0x10000004
SIGILL: [libjvm.so+0x5dff20], sa_mask[0]=0x7ffbfeff, sa_flags=0x10000004
SIGUSR1: SIG_DFL, sa_mask[0]=0x00000000, sa_flags=0x00000000
SIGUSR2: [libjvm.so+0x5e3160], sa_mask[0]=0x00000004, sa_flags=0x10000004
SIGHUP: SIG_DFL, sa_mask[0]=0x00000000, sa_flags=0x00000000
SIGINT: SIG_DFL, sa_mask[0]=0x00000000, sa_flags=0x00000000
SIGTERM: SIG_DFL, sa_mask[0]=0x00000000, sa_flags=0x00000000
SIGQUIT: SIG_DFL, sa_mask[0]=0x00000000, sa_flags=0x00000000


---------------  S Y S T E M  ---------------

OS:wheezy/sid

uname:Linux 3.0.0-32-generic-pae #51-Ubuntu SMP Thu Mar 21 16:09:48 UTC 2013 i686
libc:glibc 2.13 NPTL 2.13 
rlimit: STACK 8192k, CORE 0k, NPROC 32138, NOFILE 4096, AS infinity
load average:0.88 0.90 0.72

/proc/meminfo:
MemTotal:        4127768 kB
MemFree:         1190320 kB
Buffers:          332692 kB
Cached:          1252868 kB
SwapCached:        48884 kB
Active:          1938768 kB
Inactive:         803988 kB
Active(anon):    1027424 kB
Inactive(anon):   140240 kB
Active(file):     911344 kB
Inactive(file):   663748 kB
Unevictable:          16 kB
Mlocked:              16 kB
HighTotal:       3280392 kB
HighFree:         847640 kB
LowTotal:         847376 kB
LowFree:          342680 kB
SwapTotal:       2928636 kB
SwapFree:        2877924 kB
Dirty:               184 kB
Writeback:             0 kB
AnonPages:       1114244 kB
Mapped:           139264 kB
Shmem:             10344 kB
Slab:             127824 kB
SReclaimable:     113488 kB
SUnreclaim:        14336 kB
KernelStack:        3016 kB
PageTables:         8256 kB
NFS_Unstable:          0 kB
Bounce:                0 kB
WritebackTmp:          0 kB
CommitLimit:     4992520 kB
Committed_AS:    3107448 kB
VmallocTotal:     122880 kB
VmallocUsed:       75496 kB
VmallocChunk:      20260 kB
HardwareCorrupted:     0 kB
AnonHugePages:         0 kB
HugePages_Total:       0
HugePages_Free:        0
HugePages_Rsvd:        0
HugePages_Surp:        0
Hugepagesize:       2048 kB
DirectMap4k:      122872 kB
DirectMap2M:      790528 kB


CPU:total 4 (4 cores per cpu, 1 threads per core) family 6 model 15 stepping 11, cmov, cx8, fxsr, mmx, sse, sse2, sse3, ssse3

/proc/cpuinfo:
processor	: 0
vendor_id	: GenuineIntel
cpu family	: 6
model		: 15
model name	: Intel(R) Core(TM)2 Quad CPU    Q6600  @ 2.40GHz
stepping	: 11
cpu MHz		: 1596.000
cache size	: 4096 KB
physical id	: 0
siblings	: 4
core id		: 0
cpu cores	: 4
apicid		: 0
initial apicid	: 0
fdiv_bug	: no
hlt_bug		: no
f00f_bug	: no
coma_bug	: no
fpu		: yes
fpu_exception	: yes
cpuid level	: 10
wp		: yes
flags		: fpu vme de pse tsc msr pae mce cx8 apic sep mtrr pge mca cmov pat pse36 clflush dts acpi mmx fxsr sse sse2 ss ht tm pbe nx lm constant_tsc arch_perfmon pebs bts aperfmperf pni dtes64 monitor ds_cpl vmx est tm2 ssse3 cx16 xtpr pdcm lahf_lm dtherm tpr_shadow vnmi flexpriority
bogomips	: 4811.00
clflush size	: 64
cache_alignment	: 64
address sizes	: 36 bits physical, 48 bits virtual
power management:

processor	: 1
vendor_id	: GenuineIntel
cpu family	: 6
model		: 15
model name	: Intel(R) Core(TM)2 Quad CPU    Q6600  @ 2.40GHz
stepping	: 11
cpu MHz		: 1596.000
cache size	: 4096 KB
physical id	: 0
siblings	: 4
core id		: 1
cpu cores	: 4
apicid		: 1
initial apicid	: 1
fdiv_bug	: no
hlt_bug		: no
f00f_bug	: no
coma_bug	: no
fpu		: yes
fpu_exception	: yes
cpuid level	: 10
wp		: yes
flags		: fpu vme de pse tsc msr pae mce cx8 apic sep mtrr pge mca cmov pat pse36 clflush dts acpi mmx fxsr sse sse2 ss ht tm pbe nx lm constant_tsc arch_perfmon pebs bts aperfmperf pni dtes64 monitor ds_cpl vmx est tm2 ssse3 cx16 xtpr pdcm lahf_lm dtherm tpr_shadow vnmi flexpriority
bogomips	: 4810.94
clflush size	: 64
cache_alignment	: 64
address sizes	: 36 bits physical, 48 bits virtual
power management:

processor	: 2
vendor_id	: GenuineIntel
cpu family	: 6
model		: 15
model name	: Intel(R) Core(TM)2 Quad CPU    Q6600  @ 2.40GHz
stepping	: 11
cpu MHz		: 1596.000
cache size	: 4096 KB
physical id	: 0
siblings	: 4
core id		: 2
cpu cores	: 4
apicid		: 2
initial apicid	: 2
fdiv_bug	: no
hlt_bug		: no
f00f_bug	: no
coma_bug	: no
fpu		: yes
fpu_exception	: yes
cpuid level	: 10
wp		: yes
flags		: fpu vme de pse tsc msr pae mce cx8 apic sep mtrr pge mca cmov pat pse36 clflush dts acpi mmx fxsr sse sse2 ss ht tm pbe nx lm constant_tsc arch_perfmon pebs bts aperfmperf pni dtes64 monitor ds_cpl vmx est tm2 ssse3 cx16 xtpr pdcm lahf_lm dtherm tpr_shadow vnmi flexpriority
bogomips	: 4810.98
clflush size	: 64
cache_alignment	: 64
address sizes	: 36 bits physical, 48 bits virtual
power management:

processor	: 3
vendor_id	: GenuineIntel
cpu family	: 6
model		: 15
model name	: Intel(R) Core(TM)2 Quad CPU    Q6600  @ 2.40GHz
stepping	: 11
cpu MHz		: 1596.000
cache size	: 4096 KB
physical id	: 0
siblings	: 4
core id		: 3
cpu cores	: 4
apicid		: 3
initial apicid	: 3
fdiv_bug	: no
hlt_bug		: no
f00f_bug	: no
coma_bug	: no
fpu		: yes
fpu_exception	: yes
cpuid level	: 10
wp		: yes
flags		: fpu vme de pse tsc msr pae mce cx8 apic sep mtrr pge mca cmov pat pse36 clflush dts acpi mmx fxsr sse sse2 ss ht tm pbe nx lm constant_tsc arch_perfmon pebs bts aperfmperf pni dtes64 monitor ds_cpl vmx est tm2 ssse3 cx16 xtpr pdcm lahf_lm dtherm tpr_shadow vnmi flexpriority
bogomips	: 4811.03
clflush size	: 64
cache_alignment	: 64
address sizes	: 36 bits physical, 48 bits virtual
power management:



Memory: 4k page, physical 4127768k(1190320k free), swap 2928636k(2877924k free)

vm_info: Java HotSpot(TM) Server VM (20.1-b02) for linux-x86 JRE (1.6.0_26-b03), built on May  4 2011 01:04:10 by "java_re" with gcc 3.2.1-7a (J2SE release)

time: Sat Apr 20 13:38:55 2013
elapsed time: 0 seconds

