#
# A fatal error has been detected by the Java Runtime Environment:
#
#  Internal Error (classFileParser.cpp:3494), pid=3525, tid=3062823792
#  Error: ShouldNotReachHere()
#
# JRE version: 6.0_26-b03
# Java VM: Java HotSpot(TM) Server VM (20.1-b02 mixed mode linux-x86 )
# If you would like to submit a bug report, please visit:
#   http://java.sun.com/webapps/bugreport/crash.jsp
#

---------------  T H R E A D  ---------------

Current thread (0x08896000):  JavaThread "Unknown thread" [_thread_in_vm, id=3530, stack(0xb689f000,0xb68f0000)]

Stack: [0xb689f000,0xb68f0000],  sp=0xb68ee7d0,  free space=317k
Native frames: (J=compiled Java code, j=interpreted, Vv=VM code, C=native code)
V  [libjvm.so+0x7248b0]  VMError::report_and_die()+0x2b0
V  [libjvm.so+0x2f69af]  report_should_not_reach_here(char const*, int)+0x3f
V  [libjvm.so+0x28cf2a]  ClassFileParser::parseClassFile(symbolHandle, Handle, Handle, KlassHandle, GrowableArray<Handle>*, symbolHandle&, bool, Thread*)+0x2d9a
V  [libjvm.so+0x292f71]  ClassLoader::load_classfile(symbolHandle, Thread*)+0x221
V  [libjvm.so+0x6b3d62]  SystemDictionary::load_instance_class(symbolHandle, Handle, Thread*)+0xf2
V  [libjvm.so+0x6b1dfe]  SystemDictionary::resolve_instance_class_or_null(symbolHandle, Handle, Handle, Thread*)+0x55e
V  [libjvm.so+0x6b0bc6]  SystemDictionary::resolve_or_null(symbolHandle, Handle, Handle, Thread*)+0x66
V  [libjvm.so+0x6b0830]  SystemDictionary::resolve_or_fail(symbolHandle, Handle, Handle, bool, Thread*)+0x30
V  [libjvm.so+0x6b564a]  SystemDictionary::initialize_wk_klass(SystemDictionary::WKID, int, Thread*)+0x6a
V  [libjvm.so+0x6b56dc]  SystemDictionary::initialize_wk_klasses_until(SystemDictionary::WKID, SystemDictionary::WKID&, Thread*)+0x4c
V  [libjvm.so+0x6b57a0]  SystemDictionary::initialize_preloaded_classes(Thread*)+0x70
V  [libjvm.so+0x6b5571]  SystemDictionary::initialize(Thread*)+0xe1
V  [libjvm.so+0x6fc35a]  Universe::genesis(Thread*)+0x4da
V  [libjvm.so+0x6fda1f]  universe2_init()+0x1f
V  [libjvm.so+0x3b8fb8]  init_globals()+0x98
V  [libjvm.so+0x6e53b2]  Threads::create_vm(JavaVMInitArgs*, bool*)+0x242
V  [libjvm.so+0x413bc6]  JNI_CreateJavaVM+0x56
C  [java+0x305c]
C  [java+0x1942]  JavaMain+0x72
C  [libpthread.so.0+0x6d31]  short+0xd1


---------------  P R O C E S S  ---------------

Java Threads: ( => current thread )

Other Threads:

=>0x08896000 (exited) JavaThread "Unknown thread" [_thread_in_vm, id=3530, stack(0xb689f000,0xb68f0000)]

VM state:not at safepoint (not fully initialized)

VM Mutex/Monitor currently owned by a thread: None

Dynamic libraries:
08048000-08052000 r-xp 00000000 08:05 542797     /usr/lib/jvm/java-6-sun-1.6.0.26/jre/bin/java
08052000-08053000 rwxp 00009000 08:05 542797     /usr/lib/jvm/java-6-sun-1.6.0.26/jre/bin/java
08890000-088b1000 rwxp 00000000 00:00 0          [heap]
6ff3a000-70000000 r-xs 0116f000 08:06 5383409    /home/power/Application/android-sdk-linux/platforms/android-17/android.jar
70000000-70076000 rwxp 00000000 00:00 0 
70076000-70100000 ---p 00000000 00:00 0 
701c3000-701c4000 ---p 00000000 00:00 0 
701c4000-70244000 rwxp 00000000 00:00 0 
70244000-70245000 ---p 00000000 00:00 0 
70245000-702c5000 rwxp 00000000 00:00 0 
702c5000-702c6000 ---p 00000000 00:00 0 
702c6000-70346000 rwxp 00000000 00:00 0 
70346000-70347000 ---p 00000000 00:00 0 
70347000-703cf000 rwxp 00000000 00:00 0 
703cf000-703e7000 rwxp 00000000 00:00 0 
703e7000-703fc000 rwxp 00000000 00:00 0 
703fc000-70537000 rwxp 00000000 00:00 0 
70537000-7053f000 rwxp 00000000 00:00 0 
7053f000-70557000 rwxp 00000000 00:00 0 
70557000-7056c000 rwxp 00000000 00:00 0 
7056c000-706a7000 rwxp 00000000 00:00 0 
706a7000-706b2000 rwxp 00000000 00:00 0 
706b2000-7074f000 rwxp 00000000 00:00 0 
7074f000-71750000 rwxp 00000000 00:00 0 
71750000-74750000 rwxp 00000000 00:00 0 
74750000-77150000 rwxp 00000000 00:00 0 
77150000-9e750000 rwxp 00000000 00:00 0 
9e750000-9fc50000 rwxp 00000000 00:00 0 
9fc50000-b3750000 rwxp 00000000 00:00 0 
b375f000-b3768000 rwxp 00000000 00:00 0 
b3768000-b381f000 rwxp 00000000 00:00 0 
b381f000-b3a5f000 rwxp 00000000 00:00 0 
b3a5f000-b681f000 rwxp 00000000 00:00 0 
b681f000-b682a000 r-xp 00000000 08:05 294832     /lib/i386-linux-gnu/libnss_files-2.13.so
b682a000-b682b000 r-xp 0000a000 08:05 294832     /lib/i386-linux-gnu/libnss_files-2.13.so
b682b000-b682c000 rwxp 0000b000 08:05 294832     /lib/i386-linux-gnu/libnss_files-2.13.so
b682c000-b6836000 r-xp 00000000 08:05 294813     /lib/i386-linux-gnu/libnss_nis-2.13.so
b6836000-b6837000 r-xp 00009000 08:05 294813     /lib/i386-linux-gnu/libnss_nis-2.13.so
b6837000-b6838000 rwxp 0000a000 08:05 294813     /lib/i386-linux-gnu/libnss_nis-2.13.so
b6838000-b6840000 r-xp 00000000 08:05 294816     /lib/i386-linux-gnu/libnss_compat-2.13.so
b6840000-b6841000 r-xp 00007000 08:05 294816     /lib/i386-linux-gnu/libnss_compat-2.13.so
b6841000-b6842000 rwxp 00008000 08:05 294816     /lib/i386-linux-gnu/libnss_compat-2.13.so
b6842000-b6857000 r-xp 00000000 08:05 294810     /lib/i386-linux-gnu/libnsl-2.13.so
b6857000-b6858000 r-xp 00015000 08:05 294810     /lib/i386-linux-gnu/libnsl-2.13.so
b6858000-b6859000 rwxp 00016000 08:05 294810     /lib/i386-linux-gnu/libnsl-2.13.so
b6859000-b685b000 rwxp 00000000 00:00 0 
b6860000-b686f000 r-xp 00000000 08:05 544239     /usr/lib/jvm/java-6-sun-1.6.0.26/jre/lib/i386/libzip.so
b686f000-b6871000 rwxp 0000e000 08:05 544239     /usr/lib/jvm/java-6-sun-1.6.0.26/jre/lib/i386/libzip.so
b6871000-b6894000 r-xp 00000000 08:05 544228     /usr/lib/jvm/java-6-sun-1.6.0.26/jre/lib/i386/libjava.so
b6894000-b6896000 rwxp 00023000 08:05 544228     /usr/lib/jvm/java-6-sun-1.6.0.26/jre/lib/i386/libjava.so
b6896000-b689d000 r-xp 00000000 08:05 294807     /lib/i386-linux-gnu/librt-2.13.so
b689d000-b689e000 r-xp 00006000 08:05 294807     /lib/i386-linux-gnu/librt-2.13.so
b689e000-b689f000 rwxp 00007000 08:05 294807     /lib/i386-linux-gnu/librt-2.13.so
b689f000-b68a2000 ---p 00000000 00:00 0 
b68a2000-b68f0000 rwxp 00000000 00:00 0 
b68f0000-b6918000 r-xp 00000000 08:05 294827     /lib/i386-linux-gnu/libm-2.13.so
b6918000-b6919000 r-xp 00028000 08:05 294827     /lib/i386-linux-gnu/libm-2.13.so
b6919000-b691a000 rwxp 00029000 08:05 294827     /lib/i386-linux-gnu/libm-2.13.so
b691a000-b70cc000 r-xp 00000000 08:05 547680     /usr/lib/jvm/java-6-sun-1.6.0.26/jre/lib/i386/server/libjvm.so
b70cc000-b7120000 rwxp 007b1000 08:05 547680     /usr/lib/jvm/java-6-sun-1.6.0.26/jre/lib/i386/server/libjvm.so
b7120000-b753f000 rwxp 00000000 00:00 0 
b753f000-b76bb000 r-xp 00000000 08:05 294803     /lib/i386-linux-gnu/libc-2.13.so
b76bb000-b76bd000 r-xp 0017c000 08:05 294803     /lib/i386-linux-gnu/libc-2.13.so
b76bd000-b76be000 rwxp 0017e000 08:05 294803     /lib/i386-linux-gnu/libc-2.13.so
b76be000-b76c1000 rwxp 00000000 00:00 0 
b76c1000-b76c4000 r-xp 00000000 08:05 294823     /lib/i386-linux-gnu/libdl-2.13.so
b76c4000-b76c5000 r-xp 00002000 08:05 294823     /lib/i386-linux-gnu/libdl-2.13.so
b76c5000-b76c6000 rwxp 00003000 08:05 294823     /lib/i386-linux-gnu/libdl-2.13.so
b76c6000-b76cd000 r-xp 00000000 08:05 544243     /usr/lib/jvm/java-6-sun-1.6.0.26/jre/lib/i386/jli/libjli.so
b76cd000-b76cf000 rwxp 00006000 08:05 544243     /usr/lib/jvm/java-6-sun-1.6.0.26/jre/lib/i386/jli/libjli.so
b76cf000-b76d0000 rwxp 00000000 00:00 0 
b76d0000-b76e7000 r-xp 00000000 08:05 294821     /lib/i386-linux-gnu/libpthread-2.13.so
b76e7000-b76e8000 r-xp 00016000 08:05 294821     /lib/i386-linux-gnu/libpthread-2.13.so
b76e8000-b76e9000 rwxp 00017000 08:05 294821     /lib/i386-linux-gnu/libpthread-2.13.so
b76e9000-b76eb000 rwxp 00000000 00:00 0 
b76eb000-b76f3000 rwxs 00000000 08:05 1445124    /tmp/hsperfdata_power/3525
b76f3000-b76f4000 rwxp 00000000 00:00 0 
b76f4000-b76f5000 r-xp 00000000 00:00 0 
b76f5000-b7700000 r-xp 00000000 08:05 547693     /usr/lib/jvm/java-6-sun-1.6.0.26/jre/lib/i386/libverify.so
b7700000-b7701000 rwxp 0000b000 08:05 547693     /usr/lib/jvm/java-6-sun-1.6.0.26/jre/lib/i386/libverify.so
b7701000-b7703000 rwxp 00000000 00:00 0 
b7703000-b7704000 r-xp 00000000 00:00 0          [vdso]
b7704000-b7722000 r-xp 00000000 08:05 294830     /lib/i386-linux-gnu/ld-2.13.so
b7722000-b7723000 r-xp 0001d000 08:05 294830     /lib/i386-linux-gnu/ld-2.13.so
b7723000-b7724000 rwxp 0001e000 08:05 294830     /lib/i386-linux-gnu/ld-2.13.so
bfc83000-bfca4000 rwxp 00000000 00:00 0          [stack]

VM Arguments:
jvm_args: -Dfile.encoding=UTF-8 -Xbootclasspath:/home/power/Application/android-sdk-linux/platforms/android-17/android.jar 
java_command: it.skb.carsharing.ui.MainActivity
Launcher Type: SUN_STANDARD

Environment Variables:
JAVA_HOME=/usr/lib/jvm/java-6-sun
PATH=/home/power/Application/maven/bin:/usr/local/bin:/usr/bin:/bin:/usr/games
USERNAME=power
LD_LIBRARY_PATH=/usr/lib/jvm/java-6-sun-1.6.0.26/jre/lib/i386/server:/usr/lib/jvm/java-6-sun-1.6.0.26/jre/lib/i386:/usr/lib/jvm/java-6-sun-1.6.0.26/jre/../lib/i386:/usr/lib/jvm/java-6-sun-1.6.0.26/jre/lib/i386/client:/usr/lib/jvm/java-6-sun-1.6.0.26/jre/lib/i386:
SHELL=/bin/bash
DISPLAY=:0

Signal Handlers:
SIGSEGV: [libjvm.so+0x725510], sa_mask[0]=0x7ffbfeff, sa_flags=0x10000004
SIGBUS: [libjvm.so+0x725510], sa_mask[0]=0x7ffbfeff, sa_flags=0x10000004
SIGFPE: [libjvm.so+0x5dff20], sa_mask[0]=0x7ffbfeff, sa_flags=0x10000004
SIGPIPE: [libjvm.so+0x5dff20], sa_mask[0]=0x7ffbfeff, sa_flags=0x10000004
SIGXFSZ: [libjvm.so+0x5dff20], sa_mask[0]=0x7ffbfeff, sa_flags=0x10000004
SIGILL: [libjvm.so+0x5dff20], sa_mask[0]=0x7ffbfeff, sa_flags=0x10000004
SIGUSR1: SIG_DFL, sa_mask[0]=0x00000000, sa_flags=0x00000000
SIGUSR2: [libjvm.so+0x5e3160], sa_mask[0]=0x00000004, sa_flags=0x10000004
SIGHUP: SIG_DFL, sa_mask[0]=0x00000000, sa_flags=0x00000000
SIGINT: SIG_DFL, sa_mask[0]=0x00000000, sa_flags=0x00000000
SIGTERM: SIG_DFL, sa_mask[0]=0x00000000, sa_flags=0x00000000
SIGQUIT: SIG_DFL, sa_mask[0]=0x00000000, sa_flags=0x00000000


---------------  S Y S T E M  ---------------

OS:wheezy/sid

uname:Linux 3.0.0-32-generic-pae #51-Ubuntu SMP Thu Mar 21 16:09:48 UTC 2013 i686
libc:glibc 2.13 NPTL 2.13 
rlimit: STACK 8192k, CORE 0k, NPROC 32138, NOFILE 4096, AS infinity
load average:1.02 0.90 0.75

/proc/meminfo:
MemTotal:        4127768 kB
MemFree:         1570000 kB
Buffers:          140200 kB
Cached:          1212156 kB
SwapCached:            0 kB
Active:          1807944 kB
Inactive:         635228 kB
Active(anon):    1091688 kB
Inactive(anon):     9592 kB
Active(file):     716256 kB
Inactive(file):   625636 kB
Unevictable:          16 kB
Mlocked:              16 kB
HighTotal:       3280392 kB
HighFree:         954896 kB
LowTotal:         847376 kB
LowFree:          615104 kB
SwapTotal:       2928636 kB
SwapFree:        2928636 kB
Dirty:               212 kB
Writeback:             0 kB
AnonPages:       1090800 kB
Mapped:           147420 kB
Shmem:             10476 kB
Slab:              48240 kB
SReclaimable:      34620 kB
SUnreclaim:        13620 kB
KernelStack:        2944 kB
PageTables:         7416 kB
NFS_Unstable:          0 kB
Bounce:                0 kB
WritebackTmp:          0 kB
CommitLimit:     4992520 kB
Committed_AS:    2968564 kB
VmallocTotal:     122880 kB
VmallocUsed:       75496 kB
VmallocChunk:      37156 kB
HardwareCorrupted:     0 kB
AnonHugePages:         0 kB
HugePages_Total:       0
HugePages_Free:        0
HugePages_Rsvd:        0
HugePages_Surp:        0
Hugepagesize:       2048 kB
DirectMap4k:       47096 kB
DirectMap2M:      866304 kB


CPU:total 4 (4 cores per cpu, 1 threads per core) family 6 model 15 stepping 11, cmov, cx8, fxsr, mmx, sse, sse2, sse3, ssse3

/proc/cpuinfo:
processor	: 0
vendor_id	: GenuineIntel
cpu family	: 6
model		: 15
model name	: Intel(R) Core(TM)2 Quad CPU    Q6600  @ 2.40GHz
stepping	: 11
cpu MHz		: 1596.000
cache size	: 4096 KB
physical id	: 0
siblings	: 4
core id		: 0
cpu cores	: 4
apicid		: 0
initial apicid	: 0
fdiv_bug	: no
hlt_bug		: no
f00f_bug	: no
coma_bug	: no
fpu		: yes
fpu_exception	: yes
cpuid level	: 10
wp		: yes
flags		: fpu vme de pse tsc msr pae mce cx8 apic sep mtrr pge mca cmov pat pse36 clflush dts acpi mmx fxsr sse sse2 ss ht tm pbe nx lm constant_tsc arch_perfmon pebs bts aperfmperf pni dtes64 monitor ds_cpl vmx est tm2 ssse3 cx16 xtpr pdcm lahf_lm dtherm tpr_shadow vnmi flexpriority
bogomips	: 4810.72
clflush size	: 64
cache_alignment	: 64
address sizes	: 36 bits physical, 48 bits virtual
power management:

processor	: 1
vendor_id	: GenuineIntel
cpu family	: 6
model		: 15
model name	: Intel(R) Core(TM)2 Quad CPU    Q6600  @ 2.40GHz
stepping	: 11
cpu MHz		: 2394.000
cache size	: 4096 KB
physical id	: 0
siblings	: 4
core id		: 1
cpu cores	: 4
apicid		: 1
initial apicid	: 1
fdiv_bug	: no
hlt_bug		: no
f00f_bug	: no
coma_bug	: no
fpu		: yes
fpu_exception	: yes
cpuid level	: 10
wp		: yes
flags		: fpu vme de pse tsc msr pae mce cx8 apic sep mtrr pge mca cmov pat pse36 clflush dts acpi mmx fxsr sse sse2 ss ht tm pbe nx lm constant_tsc arch_perfmon pebs bts aperfmperf pni dtes64 monitor ds_cpl vmx est tm2 ssse3 cx16 xtpr pdcm lahf_lm dtherm tpr_shadow vnmi flexpriority
bogomips	: 4810.94
clflush size	: 64
cache_alignment	: 64
address sizes	: 36 bits physical, 48 bits virtual
power management:

processor	: 2
vendor_id	: GenuineIntel
cpu family	: 6
model		: 15
model name	: Intel(R) Core(TM)2 Quad CPU    Q6600  @ 2.40GHz
stepping	: 11
cpu MHz		: 2394.000
cache size	: 4096 KB
physical id	: 0
siblings	: 4
core id		: 2
cpu cores	: 4
apicid		: 2
initial apicid	: 2
fdiv_bug	: no
hlt_bug		: no
f00f_bug	: no
coma_bug	: no
fpu		: yes
fpu_exception	: yes
cpuid level	: 10
wp		: yes
flags		: fpu vme de pse tsc msr pae mce cx8 apic sep mtrr pge mca cmov pat pse36 clflush dts acpi mmx fxsr sse sse2 ss ht tm pbe nx lm constant_tsc arch_perfmon pebs bts aperfmperf pni dtes64 monitor ds_cpl vmx est tm2 ssse3 cx16 xtpr pdcm lahf_lm dtherm tpr_shadow vnmi flexpriority
bogomips	: 4810.98
clflush size	: 64
cache_alignment	: 64
address sizes	: 36 bits physical, 48 bits virtual
power management:

processor	: 3
vendor_id	: GenuineIntel
cpu family	: 6
model		: 15
model name	: Intel(R) Core(TM)2 Quad CPU    Q6600  @ 2.40GHz
stepping	: 11
cpu MHz		: 1596.000
cache size	: 4096 KB
physical id	: 0
siblings	: 4
core id		: 3
cpu cores	: 4
apicid		: 3
initial apicid	: 3
fdiv_bug	: no
hlt_bug		: no
f00f_bug	: no
coma_bug	: no
fpu		: yes
fpu_exception	: yes
cpuid level	: 10
wp		: yes
flags		: fpu vme de pse tsc msr pae mce cx8 apic sep mtrr pge mca cmov pat pse36 clflush dts acpi mmx fxsr sse sse2 ss ht tm pbe nx lm constant_tsc arch_perfmon pebs bts aperfmperf pni dtes64 monitor ds_cpl vmx est tm2 ssse3 cx16 xtpr pdcm lahf_lm dtherm tpr_shadow vnmi flexpriority
bogomips	: 4810.98
clflush size	: 64
cache_alignment	: 64
address sizes	: 36 bits physical, 48 bits virtual
power management:



Memory: 4k page, physical 4127768k(1570000k free), swap 2928636k(2928636k free)

vm_info: Java HotSpot(TM) Server VM (20.1-b02) for linux-x86 JRE (1.6.0_26-b03), built on May  4 2011 01:04:10 by "java_re" with gcc 3.2.1-7a (J2SE release)

time: Sat Apr 13 21:37:40 2013
elapsed time: 0 seconds

